<?xml version="1.0" encoding="UTF-8"?>
<!-- Generated by org.testng.reporters.JUnitReportReporter -->
<testsuite hostname="I2E-LAP-MP03" failures="0" tests="6" name="testCasesV2.TestCasesSprint11_2" time="6.956" errors="0" timestamp="2022-02-11T14:54:09 IST" skipped="0">
  <testcase classname="testCasesV2.TestCasesSprint11_2" name="TLMDRx_059" time="0.534"/>
  <system-out/>
  <testcase classname="testCasesV2.TestCasesSprint11_2" name="TLMDRx_060" time="2.105"/>
  <system-out/>
  <testcase classname="testCasesV2.TestCasesSprint11_2" name="TLMDRx_067" time="0.458"/>
  <system-out/>
  <testcase classname="testCasesV2.TestCasesSprint11_2" name="TLMDRx_071" time="0.044"/>
  <system-out/>
  <testcase classname="testCasesV2.TestCasesSprint11_2" name="TLMDRx_069" time="0.307"/>
  <system-out/>
  <testcase classname="testCasesV2.TestCasesSprint11_2" name="TLMDRx_070" time="3.508"/>
  <system-out/>
</testsuite> <!-- testCasesV2.TestCasesSprint11_2 -->
