<?xml version="1.0" encoding="UTF-8"?>
<!-- Generated by org.testng.reporters.JUnitReportReporter -->
<testsuite hostname="I2E-LAP-MP03" failures="0" tests="16" name="testCasesV2.TestCasesSprint10" time="76.164" errors="0" timestamp="2022-02-15T18:23:15 IST" skipped="0">
  <testcase classname="testCasesV2.TestCasesSprint10" name="TLMDRx_016" time="35.016"/>
  <system-out/>
  <testcase classname="testCasesV2.TestCasesSprint10" name="TLMDRx_001" time="2.041"/>
  <system-out/>
  <testcase classname="testCasesV2.TestCasesSprint10" name="TLMDRx_002" time="0.137"/>
  <system-out/>
  <testcase classname="testCasesV2.TestCasesSprint10" name="TLMDRx_003" time="0.117"/>
  <system-out/>
  <testcase classname="testCasesV2.TestCasesSprint10" name="TLMDRx_004" time="0.134"/>
  <system-out/>
  <testcase classname="testCasesV2.TestCasesSprint10" name="TLMDRx_006" time="3.293"/>
  <system-out/>
  <testcase classname="testCasesV2.TestCasesSprint10" name="TLMDRx_007" time="3.479"/>
  <system-out/>
  <testcase classname="testCasesV2.TestCasesSprint10" name="TLMDRx_009" time="13.339"/>
  <system-out/>
  <testcase classname="testCasesV2.TestCasesSprint10" name="TLMDRx_010" time="6.024"/>
  <system-out/>
  <testcase classname="testCasesV2.TestCasesSprint10" name="TLMDRx_011" time="4.117"/>
  <system-out/>
  <testcase classname="testCasesV2.TestCasesSprint10" name="TLMDRx_012" time="2.036"/>
  <system-out/>
  <testcase classname="testCasesV2.TestCasesSprint10" name="TLMDRx_018" time="2.101"/>
  <system-out/>
  <testcase classname="testCasesV2.TestCasesSprint10" name="TLMDRx_017" time="2.027"/>
  <system-out/>
  <testcase classname="testCasesV2.TestCasesSprint10" name="TLMDRx_020" time="0.064"/>
  <system-out/>
  <testcase classname="testCasesV2.TestCasesSprint10" name="TLMDRx_023" time="0.129"/>
  <system-out/>
  <testcase classname="testCasesV2.TestCasesSprint10" name="TLMDRx_024" time="2.110"/>
  <system-out/>
</testsuite> <!-- testCasesV2.TestCasesSprint10 -->
