<?xml version="1.0" encoding="UTF-8"?>
<!-- Generated by org.testng.reporters.JUnitReportReporter -->
<testsuite hostname="I2E-LAP-MP03" failures="0" tests="1" name="Testcase.test300" time="27.822" errors="0" timestamp="2022-02-25T12:47:46 IST" skipped="0">
  <testcase classname="Testcase.test300" name="signup" time="27.822"/>
  <system-out/>
</testsuite> <!-- Testcase.test300 -->
