<?xml version="1.0" encoding="UTF-8"?>
<!-- Generated by org.testng.reporters.JUnitReportReporter -->
<testsuite hostname="Mohan" failures="0" tests="2" name="TestCasesV1.rCreatedrandomPatientAppointment" time="16.670" errors="0" timestamp="2022-01-24T18:02:11 IST" skipped="0">
  <testcase classname="TestCasesV1.rCreatedrandomPatientAppointment" name="appointment" time="4.349"/>
  <system-out/>
  <testcase classname="TestCasesV1.rCreatedrandomPatientAppointment" name="CreateAappointment" time="12.321"/>
  <system-out/>
</testsuite> <!-- TestCasesV1.rCreatedrandomPatientAppointment -->
