<?xml version="1.0" encoding="UTF-8"?>
<!-- Generated by org.testng.reporters.JUnitReportReporter -->
<testsuite hostname="I2E-LAP-MP03" failures="0" tests="1" name="PageObjects.SelectAnyClinicLocation" time="1.121" errors="0" timestamp="2022-02-23T18:55:02 IST" skipped="0">
  <testcase classname="PageObjects.SelectAnyClinicLocation" name="selectclinic" time="1.121"/>
  <system-out/>
</testsuite> <!-- PageObjects.SelectAnyClinicLocation -->
