<?xml version="1.0" encoding="UTF-8"?>
<!-- Generated by org.testng.reporters.JUnitReportReporter -->
<testsuite hostname="Mohan" failures="0" tests="2" name="TestCasesV1.testcaseSSettingModule" time="12.300" errors="0" timestamp="2022-01-21T13:06:42 IST" skipped="0">
  <testcase classname="TestCasesV1.testcaseSSettingModule" name="patientForCalendarTestcase" time="6.315"/>
  <system-out/>
  <testcase classname="TestCasesV1.testcaseSSettingModule" name="testcasequotes" time="5.985"/>
  <system-out/>
</testsuite> <!-- TestCasesV1.testcaseSSettingModule -->
