<?xml version="1.0" encoding="UTF-8"?>
<!-- Generated by org.testng.reporters.JUnitReportReporter -->
<testsuite hostname="Mohan" failures="0" tests="1" name="TestCaseClassCall.Testcallclass" time="2.677" errors="0" timestamp="2022-01-14T15:16:07 IST" skipped="0">
  <testcase classname="TestCaseClassCall.Testcallclass" name="VerifyTitleClassCallTest" time="2.677"/>
  <system-out/>
</testsuite> <!-- TestCaseClassCall.Testcallclass -->
