<?xml version="1.0" encoding="UTF-8"?>
<!-- Generated by org.testng.reporters.JUnitReportReporter -->
<testsuite hostname="I2E-LAP-MP03" failures="0" tests="4" name="testCasesV2.TestCasesSprint10_2" time="17.341" errors="0" timestamp="2022-02-15T18:23:16 IST" skipped="0">
  <testcase classname="testCasesV2.TestCasesSprint10_2" name="TLMDRx_027" time="15.270"/>
  <system-out/>
  <testcase classname="testCasesV2.TestCasesSprint10_2" name="TLMDRx_028" time="0.573"/>
  <system-out/>
  <testcase classname="testCasesV2.TestCasesSprint10_2" name="TLMDRx_029" time="0.163"/>
  <system-out/>
  <testcase classname="testCasesV2.TestCasesSprint10_2" name="TLMDRx_030" time="1.335"/>
  <system-out/>
</testsuite> <!-- testCasesV2.TestCasesSprint10_2 -->
