<?xml version="1.0" encoding="UTF-8"?>
<!-- Generated by org.testng.reporters.JUnitReportReporter -->
<testsuite hostname="Mohan" failures="0" tests="2" name="TestCasesV1.rCreatedAppointment" time="4.255" errors="0" timestamp="2022-01-18T15:41:03 IST" skipped="0">
  <testcase classname="TestCasesV1.rCreatedAppointment" name="verify" time="0.059"/>
  <system-out/>
  <testcase classname="TestCasesV1.rCreatedAppointment" name="appointment" time="4.196"/>
  <system-out/>
</testsuite> <!-- TestCasesV1.rCreatedAppointment -->
