<?xml version="1.0" encoding="UTF-8"?>
<!-- Generated by org.testng.reporters.JUnitReportReporter -->
<testsuite hostname="I2E-LAP-RRA27" failures="0" tests="3" name="Testcase.AddPatientWorkflow" time="37.233" errors="0" timestamp="2021-09-27T15:46:24 IST" skipped="0">
  <testcase classname="Testcase.AddPatientWorkflow" name="login" time="25.965"/>
  <system-out/>
  <testcase classname="Testcase.AddPatientWorkflow" name="addPatient" time="6.477"/>
  <system-out/>
  <testcase classname="Testcase.AddPatientWorkflow" name="logOut" time="4.791"/>
  <system-out/>
</testsuite> <!-- Testcase.AddPatientWorkflow -->
