<?xml version="1.0" encoding="UTF-8"?>
<!-- Generated by org.testng.reporters.JUnitReportReporter -->
<testsuite hostname="I2E-LAP-RRA27" failures="0" tests="2" name="Testcase.Patient" time="48.114" errors="0" timestamp="2021-09-08T18:00:14 IST" skipped="0">
  <testcase classname="Testcase.Patient" name="add_Patient" time="27.047"/>
  <system-out/>
  <testcase classname="Testcase.Patient" name="update_Patient" time="21.067"/>
  <system-out/>
</testsuite> <!-- Testcase.Patient -->
