<?xml version="1.0" encoding="UTF-8"?>
<!-- Generated by org.testng.reporters.JUnitReportReporter -->
<testsuite hostname="Mohan" failures="0" tests="1" name="TestCasesV1.rCreatedUpdatePatient" time="15.175" errors="0" timestamp="2022-01-25T15:12:15 IST" skipped="0">
  <testcase classname="TestCasesV1.rCreatedUpdatePatient" name="patientForUpdateTestcase" time="15.175"/>
  <system-out/>
</testsuite> <!-- TestCasesV1.rCreatedUpdatePatient -->
