<?xml version="1.0" encoding="UTF-8"?>
<!-- Generated by org.testng.reporters.JUnitReportReporter -->
<testsuite hostname="Mohan" failures="0" tests="1" name="mainRunner.blog" time="14.957" errors="0" timestamp="2022-01-24T15:47:14 IST" skipped="0">
  <testcase classname="mainRunner.blog" name="signup" time="14.957"/>
  <system-out/>
</testsuite> <!-- mainRunner.blog -->
