<?xml version="1.0" encoding="UTF-8"?>
<!-- Generated by org.testng.reporters.JUnitReportReporter -->
<testsuite hostname="I2E-LAP-MP03" failures="0" tests="11" name="testCasesV2.TestCasesSprint11" time="27.794" errors="0" timestamp="2022-02-17T15:57:40 IST" skipped="0">
  <testcase classname="testCasesV2.TestCasesSprint11" name="launchIntroPage" time="21.627"/>
  <system-out/>
  <testcase classname="testCasesV2.TestCasesSprint11" name="TLMDRx_049" time="1.352"/>
  <system-out/>
  <testcase classname="testCasesV2.TestCasesSprint11" name="TLMDRx_050" time="0.046"/>
  <system-out/>
  <testcase classname="testCasesV2.TestCasesSprint11" name="TLMDRx_051" time="0.666"/>
  <system-out/>
  <testcase classname="testCasesV2.TestCasesSprint11" name="TLMDRx_052" time="0.042"/>
  <system-out/>
  <testcase classname="testCasesV2.TestCasesSprint11" name="clickforgetback" time="1.530"/>
  <system-out/>
  <testcase classname="testCasesV2.TestCasesSprint11" name="TLMDRx_053" time="0.144"/>
  <system-out/>
  <testcase classname="testCasesV2.TestCasesSprint11" name="TLMDRx_054" time="0.152"/>
  <system-out/>
  <testcase classname="testCasesV2.TestCasesSprint11" name="TLMDRx_056" time="0.110"/>
  <system-out/>
  <testcase classname="testCasesV2.TestCasesSprint11" name="TLMDRx_055" time="1.623"/>
  <system-out/>
  <testcase classname="testCasesV2.TestCasesSprint11" name="TLMDRx_057" time="0.502"/>
  <system-out/>
</testsuite> <!-- testCasesV2.TestCasesSprint11 -->
