<?xml version="1.0" encoding="UTF-8"?>
<!-- Generated by org.testng.reporters.JUnitReportReporter -->
<testsuite hostname="I2E-LAP-RRA27" failures="0" tests="1" name="Testcase.ExcelData" time="6.779" errors="0" timestamp="2021-08-24T11:17:00 IST" skipped="0">
  <testcase classname="Testcase.ExcelData" name="writeexceldata" time="6.779"/>
  <system-out/>
</testsuite> <!-- Testcase.ExcelData -->
