<?xml version="1.0" encoding="UTF-8"?>
<!-- Generated by org.testng.reporters.JUnitReportReporter -->
<testsuite hostname="I2E-LAP-MP03" failures="0" tests="2" name="TestCasesV1.testcaseSSettingModule" time="32.204" errors="0" timestamp="2022-02-21T17:31:54 IST" skipped="0">
  <testcase classname="TestCasesV1.testcaseSSettingModule" name="patientForCalendarTestcase" time="26.334"/>
  <system-out/>
  <testcase classname="TestCasesV1.testcaseSSettingModule" name="testcasequotes" time="5.870"/>
  <system-out/>
</testsuite> <!-- TestCasesV1.testcaseSSettingModule -->
