<?xml version="1.0" encoding="UTF-8"?>
<!-- Generated by org.testng.reporters.JUnitReportReporter -->
<testsuite hostname="I2E-LAP-MP03" failures="0" tests="11" name="testCasesV2.TestCasesSprint11" time="37.427" errors="0" timestamp="2022-02-11T14:54:08 IST" skipped="0">
  <testcase classname="testCasesV2.TestCasesSprint11" name="launchIntroPage" time="31.076"/>
  <system-out/>
  <testcase classname="testCasesV2.TestCasesSprint11" name="TLMDRx_049" time="1.405"/>
  <system-out/>
  <testcase classname="testCasesV2.TestCasesSprint11" name="TLMDRx_050" time="0.098"/>
  <system-out/>
  <testcase classname="testCasesV2.TestCasesSprint11" name="TLMDRx_051" time="0.736"/>
  <system-out/>
  <testcase classname="testCasesV2.TestCasesSprint11" name="TLMDRx_052" time="0.051"/>
  <system-out/>
  <testcase classname="testCasesV2.TestCasesSprint11" name="clickforgetback" time="1.638"/>
  <system-out/>
  <testcase classname="testCasesV2.TestCasesSprint11" name="TLMDRx_053" time="0.083"/>
  <system-out/>
  <testcase classname="testCasesV2.TestCasesSprint11" name="TLMDRx_054" time="0.123"/>
  <system-out/>
  <testcase classname="testCasesV2.TestCasesSprint11" name="TLMDRx_055" time="1.667"/>
  <system-out/>
  <testcase classname="testCasesV2.TestCasesSprint11" name="TLMDRx_056" time="0.143"/>
  <system-out/>
  <testcase classname="testCasesV2.TestCasesSprint11" name="TLMDRx_057" time="0.407"/>
  <system-out/>
</testsuite> <!-- testCasesV2.TestCasesSprint11 -->
