<?xml version="1.0" encoding="UTF-8"?>
<!-- Generated by org.testng.reporters.JUnitReportReporter -->
<testsuite hostname="I2E-LAP-MP03" failures="0" tests="2" name="TestCasesV1.testcaseSelectClinic" time="38.449" errors="0" timestamp="2022-02-16T12:11:14 IST" skipped="0">
  <testcase classname="TestCasesV1.testcaseSelectClinic" name="Login" time="35.582"/>
  <system-out/>
  <testcase classname="TestCasesV1.testcaseSelectClinic" name="Clinic" time="2.867"/>
  <system-out/>
</testsuite> <!-- TestCasesV1.testcaseSelectClinic -->
