<?xml version="1.0" encoding="UTF-8"?>
<!-- Generated by org.testng.reporters.JUnitReportReporter -->
<testsuite hostname="I2E-LAP-MP03" failures="0" tests="11" name="testCasesV2.TestCasesSprint11" time="6.628" errors="0" timestamp="2022-03-01T15:30:23 IST" skipped="0">
  <testcase classname="testCasesV2.TestCasesSprint11" name="launchIntroPage" time="1.555"/>
  <system-out/>
  <testcase classname="testCasesV2.TestCasesSprint11" name="TLMDRx_049_Login" time="0.613"/>
  <system-out/>
  <testcase classname="testCasesV2.TestCasesSprint11" name="TLMDRx_050_Login" time="0.062"/>
  <system-out/>
  <testcase classname="testCasesV2.TestCasesSprint11" name="TLMDRx_051_Login" time="0.363"/>
  <system-out/>
  <testcase classname="testCasesV2.TestCasesSprint11" name="TLMDRx_052_Login" time="0.077"/>
  <system-out/>
  <testcase classname="testCasesV2.TestCasesSprint11" name="clickforgetback" time="1.604"/>
  <system-out/>
  <testcase classname="testCasesV2.TestCasesSprint11" name="TLMDRx_053" time="0.080"/>
  <system-out/>
  <testcase classname="testCasesV2.TestCasesSprint11" name="TLMDRx_054" time="0.119"/>
  <system-out/>
  <testcase classname="testCasesV2.TestCasesSprint11" name="TLMDRx_055" time="1.671"/>
  <system-out/>
  <testcase classname="testCasesV2.TestCasesSprint11" name="TLMDRx_056" time="0.065"/>
  <system-out/>
  <testcase classname="testCasesV2.TestCasesSprint11" name="TLMDRx_057" time="0.419"/>
  <system-out/>
</testsuite> <!-- testCasesV2.TestCasesSprint11 -->
