<?xml version="1.0" encoding="UTF-8"?>
<!-- Generated by org.testng.reporters.JUnitReportReporter -->
<testsuite hostname="I2E-LAP-MP03" failures="0" tests="1" name="Testcase.DemoApp" time="110.686" errors="0" timestamp="2022-02-15T18:07:23 IST" skipped="0">
  <testcase classname="Testcase.DemoApp" name="Add" time="110.686"/>
  <system-out/>
</testsuite> <!-- Testcase.DemoApp -->
