<?xml version="1.0" encoding="UTF-8"?>
<!-- Generated by org.testng.reporters.JUnitReportReporter -->
<testsuite hostname="I2E-LAP-RRA27" failures="0" tests="1" name="Testcase.Appointment" time="52.233" errors="0" timestamp="2021-09-27T14:58:38 IST" skipped="0">
  <testcase classname="Testcase.Appointment" name="addAppointment" time="52.233"/>
  <system-out/>
</testsuite> <!-- Testcase.Appointment -->
