<?xml version="1.0" encoding="UTF-8"?>
<!-- Generated by org.testng.reporters.JUnitReportReporter -->
<testsuite hostname="Mohan" failures="0" tests="1" name="TestCasesV1.blog" time="13.085" errors="0" timestamp="2022-01-21T14:39:57 IST" skipped="0">
  <testcase classname="TestCasesV1.blog" name="signup" time="13.085"/>
  <system-out/>
</testsuite> <!-- TestCasesV1.blog -->
