<?xml version="1.0" encoding="UTF-8"?>
<!-- Generated by org.testng.reporters.JUnitReportReporter -->
<testsuite hostname="I2E-LAP-MP03" failures="0" tests="2" name="TestCasesV1.testcaseSelectClinic" time="36.787" errors="0" timestamp="2022-02-09T13:34:27 IST" skipped="0">
  <testcase classname="TestCasesV1.testcaseSelectClinic" name="Login" time="35.093"/>
  <system-out/>
  <testcase classname="TestCasesV1.testcaseSelectClinic" name="Clinic" time="1.694"/>
  <system-out/>
</testsuite> <!-- TestCasesV1.testcaseSelectClinic -->
