<?xml version="1.0" encoding="UTF-8"?>
<!-- Generated by org.testng.reporters.JUnitReportReporter -->
<testsuite hostname="I2E-LAP-RRA27" failures="0" tests="4" name="Testcase.Full_workflow" time="24.557" errors="0" timestamp="2021-10-22T09:54:23 IST" skipped="0">
  <testcase classname="Testcase.Full_workflow" name="login_Form" time="9.184"/>
  <system-out/>
  <testcase classname="Testcase.Full_workflow" name="patient_Form" time="5.806"/>
  <system-out/>
  <testcase classname="Testcase.Full_workflow" name="createAppointment" time="5.417"/>
  <system-out/>
  <testcase classname="Testcase.Full_workflow" name="logoutApp" time="4.150"/>
  <system-out/>
</testsuite> <!-- Testcase.Full_workflow -->
