<?xml version="1.0" encoding="UTF-8"?>
<!-- Generated by org.testng.reporters.JUnitReportReporter -->
<testsuite hostname="I2E-LAP-RRA27" failures="0" tests="1" name="Testcase.Setting" time="36.026" errors="0" timestamp="2021-09-08T15:30:48 IST" skipped="0">
  <testcase classname="Testcase.Setting" name="addTime" time="36.026"/>
  <system-out/>
</testsuite> <!-- Testcase.Setting -->
