<?xml version="1.0" encoding="UTF-8"?>
<!-- Generated by org.testng.reporters.JUnitReportReporter -->
<testsuite hostname="I2E-LAP-MP03" failures="0" tests="1" name="mainRunner.blog" time="32.871" errors="0" timestamp="2022-02-24T15:45:53 IST" skipped="0">
  <testcase classname="mainRunner.blog" name="signup" time="32.871"/>
  <system-out/>
</testsuite> <!-- mainRunner.blog -->
