<?xml version="1.0" encoding="UTF-8"?>
<!-- Generated by org.testng.reporters.JUnitReportReporter -->
<testsuite hostname="Mohan" failures="0" tests="3" name="Testcase.test300" time="7.678" errors="0" timestamp="2022-01-24T18:52:17 IST" skipped="0">
  <testcase classname="Testcase.test300" name="TLMDRx_001" time="6.824"/>
  <system-out/>
  <testcase classname="Testcase.test300" name="TLMDRx_002" time="0.296"/>
  <system-out/>
  <testcase classname="Testcase.test300" name="TLMDRx_003" time="0.558"/>
  <system-out/>
</testsuite> <!-- Testcase.test300 -->
