<?xml version="1.0" encoding="UTF-8"?>
<!-- Generated by org.testng.reporters.JUnitReportReporter -->
<testsuite hostname="I2E-LAP-MP03" failures="0" tests="16" name="testCasesV2.TestCasesSprint10" time="78.473" errors="0" timestamp="2022-02-10T18:15:55 IST" skipped="0">
  <testcase classname="testCasesV2.TestCasesSprint10" name="TLMDRx_016" time="31.687"/>
  <system-out/>
  <testcase classname="testCasesV2.TestCasesSprint10" name="TLMDRx_001" time="2.393"/>
  <system-out/>
  <testcase classname="testCasesV2.TestCasesSprint10" name="TLMDRx_002" time="0.172"/>
  <system-out/>
  <testcase classname="testCasesV2.TestCasesSprint10" name="TLMDRx_003" time="0.208"/>
  <system-out/>
  <testcase classname="testCasesV2.TestCasesSprint10" name="TLMDRx_004" time="0.262"/>
  <system-out/>
  <testcase classname="testCasesV2.TestCasesSprint10" name="TLMDRx_006" time="3.392"/>
  <system-out/>
  <testcase classname="testCasesV2.TestCasesSprint10" name="TLMDRx_007" time="3.901"/>
  <system-out/>
  <testcase classname="testCasesV2.TestCasesSprint10" name="TLMDRx_009" time="13.407"/>
  <system-out/>
  <testcase classname="testCasesV2.TestCasesSprint10" name="TLMDRx_010" time="9.830"/>
  <system-out/>
  <testcase classname="testCasesV2.TestCasesSprint10" name="TLMDRx_011" time="4.360"/>
  <system-out/>
  <testcase classname="testCasesV2.TestCasesSprint10" name="TLMDRx_012" time="2.074"/>
  <system-out/>
  <testcase classname="testCasesV2.TestCasesSprint10" name="TLMDRx_018" time="2.209"/>
  <system-out/>
  <testcase classname="testCasesV2.TestCasesSprint10" name="TLMDRx_017" time="2.078"/>
  <system-out/>
  <testcase classname="testCasesV2.TestCasesSprint10" name="TLMDRx_020" time="0.116"/>
  <system-out/>
  <testcase classname="testCasesV2.TestCasesSprint10" name="TLMDRx_023" time="0.178"/>
  <system-out/>
  <testcase classname="testCasesV2.TestCasesSprint10" name="TLMDRx_024" time="2.206"/>
  <system-out/>
</testsuite> <!-- testCasesV2.TestCasesSprint10 -->
