<?xml version="1.0" encoding="UTF-8"?>
<!-- Generated by org.testng.reporters.JUnitReportReporter -->
<testsuite hostname="I2E-LAP-RRA27" failures="0" tests="3" name="Testcase.EndtoEndFullRegression" time="13.788" errors="0" timestamp="2021-10-25T15:36:26 IST" skipped="0">
  <testcase classname="Testcase.EndtoEndFullRegression" name="verify_Clinic_Location_Poppup" time="11.725"/>
  <system-out/>
  <testcase classname="Testcase.EndtoEndFullRegression" name="verify_OPD_Tab_is_Highlghted_OR_Selected" time="1.938"/>
  <system-out/>
  <testcase classname="Testcase.EndtoEndFullRegression" name="verify_Left_Navigation_Bar" time="0.125"/>
  <system-out/>
</testsuite> <!-- Testcase.EndtoEndFullRegression -->
